2017-02-28 10:25:20,340 [Worker-13] INFO  o.e.m.c.i.l.LifecycleMappingFactory - Using org.eclipse.m2e.jdt.JarLifecycleMapping lifecycle mapping for MavenProject: spitter:spittr:0.0.1-SNAPSHOT @ D:\SpringNAction\spittr\pom.xml.
2017-02-28 10:25:21,748 [Worker-13] INFO  o.e.m.j.i.AbstractJavaProjectConfigurator - Adding source folder /spittr/src/main/java
2017-02-28 10:25:21,749 [Worker-13] INFO  o.e.m.j.i.AbstractJavaProjectConfigurator - Adding resource folder /spittr/src/main/resources
2017-02-28 10:25:21,750 [Worker-13] INFO  o.e.m.j.i.AbstractJavaProjectConfigurator - Adding source folder /spittr/src/test/java
2017-02-28 10:25:21,750 [Worker-13] INFO  o.e.m.j.i.AbstractJavaProjectConfigurator - Adding resource folder /spittr/src/test/resources
2017-02-28 10:25:23,147 [Worker-19] WARN  o.e.m.c.i.embedder.EclipseLogger - Using platform encoding (Cp1252 actually) to copy filtered resources, i.e. build is platform dependent!
2017-02-28 10:25:23,172 [Worker-19] INFO  o.e.m.c.i.embedder.EclipseLogger - Copying 0 resource
2017-02-28 10:25:23,173 [Worker-19] WARN  o.e.m.c.i.embedder.EclipseLogger - Using platform encoding (Cp1252 actually) to copy filtered resources, i.e. build is platform dependent!
2017-02-28 10:25:23,174 [Worker-19] INFO  o.e.m.c.i.embedder.EclipseLogger - Copying 0 resource
2017-02-28 10:26:26,353 [Worker-19] WARN  o.e.m.c.i.embedder.EclipseLogger - Using platform encoding (Cp1252 actually) to copy filtered resources, i.e. build is platform dependent!
2017-02-28 10:26:26,373 [Worker-19] INFO  o.e.m.c.i.embedder.EclipseLogger - Copying 0 resource
2017-02-28 10:26:26,373 [Worker-19] WARN  o.e.m.c.i.embedder.EclipseLogger - Using platform encoding (Cp1252 actually) to copy filtered resources, i.e. build is platform dependent!
2017-02-28 10:26:26,374 [Worker-19] INFO  o.e.m.c.i.embedder.EclipseLogger - Copying 0 resource
2017-02-28 10:26:27,411 [Worker-13] WARN  o.e.m.c.i.embedder.EclipseLogger - Using platform encoding (Cp1252 actually) to copy filtered resources, i.e. build is platform dependent!
2017-02-28 10:26:27,413 [Worker-13] INFO  o.e.m.c.i.embedder.EclipseLogger - Copying 0 resource
2017-02-28 10:26:27,414 [Worker-13] WARN  o.e.m.c.i.embedder.EclipseLogger - Using platform encoding (Cp1252 actually) to copy filtered resources, i.e. build is platform dependent!
2017-02-28 10:26:27,415 [Worker-13] INFO  o.e.m.c.i.embedder.EclipseLogger - Copying 0 resource
2017-02-28 10:26:31,255 [Worker-21] WARN  o.e.m.c.i.embedder.EclipseLogger - Using platform encoding (Cp1252 actually) to copy filtered resources, i.e. build is platform dependent!
2017-02-28 10:26:31,257 [Worker-21] INFO  o.e.m.c.i.embedder.EclipseLogger - Copying 0 resource
2017-02-28 10:26:31,258 [Worker-21] WARN  o.e.m.c.i.embedder.EclipseLogger - Using platform encoding (Cp1252 actually) to copy filtered resources, i.e. build is platform dependent!
2017-02-28 10:26:31,259 [Worker-21] INFO  o.e.m.c.i.embedder.EclipseLogger - Copying 0 resource
2017-02-28 10:26:36,311 [Worker-23] WARN  o.e.m.c.i.embedder.EclipseLogger - Using platform encoding (Cp1252 actually) to copy filtered resources, i.e. build is platform dependent!
2017-02-28 10:26:36,312 [Worker-23] INFO  o.e.m.c.i.embedder.EclipseLogger - Copying 0 resource
2017-02-28 10:26:36,313 [Worker-23] WARN  o.e.m.c.i.embedder.EclipseLogger - Using platform encoding (Cp1252 actually) to copy filtered resources, i.e. build is platform dependent!
2017-02-28 10:26:36,313 [Worker-23] INFO  o.e.m.c.i.embedder.EclipseLogger - Copying 0 resource
2017-02-28 10:26:51,492 [Worker-21] WARN  o.e.m.c.i.embedder.EclipseLogger - Using platform encoding (Cp1252 actually) to copy filtered resources, i.e. build is platform dependent!
2017-02-28 10:26:51,495 [Worker-21] INFO  o.e.m.c.i.embedder.EclipseLogger - Copying 0 resource
2017-02-28 10:26:51,497 [Worker-21] WARN  o.e.m.c.i.embedder.EclipseLogger - Using platform encoding (Cp1252 actually) to copy filtered resources, i.e. build is platform dependent!
2017-02-28 10:26:51,499 [Worker-21] INFO  o.e.m.c.i.embedder.EclipseLogger - Copying 0 resource
2017-02-28 10:27:47,240 [Worker-22] INFO  o.e.m.c.i.l.LifecycleMappingFactory - Using org.eclipse.m2e.jdt.JarLifecycleMapping lifecycle mapping for MavenProject: spitter:spittr:0.0.1-SNAPSHOT @ D:\SpringNAction\spittr\pom.xml.
2017-02-28 10:27:47,585 [Worker-22] WARN  o.e.m.c.i.embedder.EclipseLogger - Using platform encoding (Cp1252 actually) to copy filtered resources, i.e. build is platform dependent!
2017-02-28 10:27:47,586 [Worker-22] INFO  o.e.m.c.i.embedder.EclipseLogger - Copying 0 resource
2017-02-28 10:27:47,588 [Worker-22] WARN  o.e.m.c.i.embedder.EclipseLogger - Using platform encoding (Cp1252 actually) to copy filtered resources, i.e. build is platform dependent!
2017-02-28 10:27:47,588 [Worker-22] INFO  o.e.m.c.i.embedder.EclipseLogger - Copying 0 resource
2017-02-28 10:27:49,060 [Worker-23] WARN  o.e.m.c.i.embedder.EclipseLogger - Using platform encoding (Cp1252 actually) to copy filtered resources, i.e. build is platform dependent!
2017-02-28 10:27:49,062 [Worker-23] INFO  o.e.m.c.i.embedder.EclipseLogger - Copying 0 resource
2017-02-28 10:27:49,063 [Worker-23] WARN  o.e.m.c.i.embedder.EclipseLogger - Using platform encoding (Cp1252 actually) to copy filtered resources, i.e. build is platform dependent!
2017-02-28 10:27:49,063 [Worker-23] INFO  o.e.m.c.i.embedder.EclipseLogger - Copying 0 resource
2017-02-28 10:27:55,354 [Worker-21] INFO  o.e.m.c.i.l.LifecycleMappingFactory - Using org.eclipse.m2e.jdt.JarLifecycleMapping lifecycle mapping for MavenProject: spitter:spittr:0.0.1-SNAPSHOT @ D:\SpringNAction\spittr\pom.xml.
2017-02-28 10:27:55,571 [Worker-21] WARN  o.e.m.c.i.embedder.EclipseLogger - Using platform encoding (Cp1252 actually) to copy filtered resources, i.e. build is platform dependent!
2017-02-28 10:27:55,573 [Worker-21] INFO  o.e.m.c.i.embedder.EclipseLogger - Copying 0 resource
2017-02-28 10:27:55,574 [Worker-21] WARN  o.e.m.c.i.embedder.EclipseLogger - Using platform encoding (Cp1252 actually) to copy filtered resources, i.e. build is platform dependent!
2017-02-28 10:27:55,575 [Worker-21] INFO  o.e.m.c.i.embedder.EclipseLogger - Copying 0 resource
2017-02-28 10:27:58,521 [Worker-22] INFO  o.e.m.c.i.l.LifecycleMappingFactory - Using org.eclipse.m2e.jdt.JarLifecycleMapping lifecycle mapping for MavenProject: spitter:spittr:0.0.1-SNAPSHOT @ D:\SpringNAction\spittr\pom.xml.
2017-02-28 10:27:58,734 [Worker-22] WARN  o.e.m.c.i.embedder.EclipseLogger - Using platform encoding (Cp1252 actually) to copy filtered resources, i.e. build is platform dependent!
2017-02-28 10:27:58,735 [Worker-22] INFO  o.e.m.c.i.embedder.EclipseLogger - Copying 0 resource
2017-02-28 10:27:58,736 [Worker-22] WARN  o.e.m.c.i.embedder.EclipseLogger - Using platform encoding (Cp1252 actually) to copy filtered resources, i.e. build is platform dependent!
2017-02-28 10:27:58,737 [Worker-22] INFO  o.e.m.c.i.embedder.EclipseLogger - Copying 0 resource
2017-02-28 10:38:38,537 [Worker-25] INFO  o.e.m.c.i.l.LifecycleMappingFactory - Using org.eclipse.m2e.jdt.JarLifecycleMapping lifecycle mapping for MavenProject: spitter:spittr:0.0.1-SNAPSHOT @ D:\SpringNAction\spittr\pom.xml.
2017-02-28 10:38:38,751 [Worker-25] WARN  o.e.m.c.i.embedder.EclipseLogger - Using platform encoding (Cp1252 actually) to copy filtered resources, i.e. build is platform dependent!
2017-02-28 10:38:38,753 [Worker-25] INFO  o.e.m.c.i.embedder.EclipseLogger - Copying 0 resource
2017-02-28 10:38:38,754 [Worker-25] WARN  o.e.m.c.i.embedder.EclipseLogger - Using platform encoding (Cp1252 actually) to copy filtered resources, i.e. build is platform dependent!
2017-02-28 10:38:38,755 [Worker-25] INFO  o.e.m.c.i.embedder.EclipseLogger - Copying 0 resource
2017-02-28 10:38:44,296 [Worker-22] INFO  o.e.m.c.i.l.LifecycleMappingFactory - Using org.eclipse.m2e.jdt.JarLifecycleMapping lifecycle mapping for MavenProject: spitter:spittr:0.0.1-SNAPSHOT @ D:\SpringNAction\spittr\pom.xml.
2017-02-28 10:38:44,521 [Worker-22] WARN  o.e.m.c.i.embedder.EclipseLogger - Using platform encoding (Cp1252 actually) to copy filtered resources, i.e. build is platform dependent!
2017-02-28 10:38:44,522 [Worker-22] INFO  o.e.m.c.i.embedder.EclipseLogger - Copying 0 resource
2017-02-28 10:38:44,524 [Worker-22] WARN  o.e.m.c.i.embedder.EclipseLogger - Using platform encoding (Cp1252 actually) to copy filtered resources, i.e. build is platform dependent!
2017-02-28 10:38:44,524 [Worker-22] INFO  o.e.m.c.i.embedder.EclipseLogger - Copying 0 resource
2017-02-28 10:38:57,349 [Worker-31] INFO  o.e.m.c.i.l.LifecycleMappingFactory - Using org.eclipse.m2e.jdt.JarLifecycleMapping lifecycle mapping for MavenProject: spitter:spittr:0.0.1-SNAPSHOT @ D:\SpringNAction\spittr\pom.xml.
2017-02-28 10:38:57,548 [Worker-31] WARN  o.e.m.c.i.embedder.EclipseLogger - Using platform encoding (Cp1252 actually) to copy filtered resources, i.e. build is platform dependent!
2017-02-28 10:38:57,550 [Worker-31] INFO  o.e.m.c.i.embedder.EclipseLogger - Copying 0 resource
2017-02-28 10:38:57,551 [Worker-31] WARN  o.e.m.c.i.embedder.EclipseLogger - Using platform encoding (Cp1252 actually) to copy filtered resources, i.e. build is platform dependent!
2017-02-28 10:38:57,551 [Worker-31] INFO  o.e.m.c.i.embedder.EclipseLogger - Copying 0 resource
2017-02-28 10:39:02,386 [Worker-25] INFO  o.e.m.c.i.l.LifecycleMappingFactory - Using org.eclipse.m2e.jdt.JarLifecycleMapping lifecycle mapping for MavenProject: spitter:spittr:0.0.1-SNAPSHOT @ D:\SpringNAction\spittr\pom.xml.
2017-02-28 10:43:27,821 [Worker-25] INFO  o.e.m.c.i.e.AbstractTransferListenerAdapter - Downloading https://repo.maven.apache.org/maven2/org/springframework/spring-framework-bom/4.2.2.RELEASE/spring-framework-bom-4.2.2.RELEASE.pom
2017-02-28 10:43:27,882 [Worker-25] INFO  o.e.m.c.i.e.AbstractTransferListenerAdapter - Downloaded https://repo.maven.apache.org/maven2/org/springframework/spring-framework-bom/4.2.2.RELEASE/spring-framework-bom-4.2.2.RELEASE.pom
2017-02-28 10:43:28,428 [Worker-25] INFO  o.e.m.c.i.l.LifecycleMappingFactory - Using org.eclipse.m2e.jdt.JarLifecycleMapping lifecycle mapping for MavenProject: spitter:spittr:0.0.1-SNAPSHOT @ D:\SpringNAction\spittr\pom.xml.
2017-02-28 10:43:28,472 [Worker-25] INFO  o.e.m.c.i.e.AbstractTransferListenerAdapter - Downloading https://repo.maven.apache.org/maven2/org/springframework/spring-web/4.2.2.RELEASE/spring-web-4.2.2.RELEASE.pom
2017-02-28 10:43:28,529 [Worker-25] INFO  o.e.m.c.i.e.AbstractTransferListenerAdapter - Downloaded https://repo.maven.apache.org/maven2/org/springframework/spring-web/4.2.2.RELEASE/spring-web-4.2.2.RELEASE.pom
2017-02-28 10:43:28,579 [Worker-25] INFO  o.e.m.c.i.e.AbstractTransferListenerAdapter - Downloading https://repo.maven.apache.org/maven2/org/springframework/spring-aop/4.2.2.RELEASE/spring-aop-4.2.2.RELEASE.pom
2017-02-28 10:43:28,629 [Worker-25] INFO  o.e.m.c.i.e.AbstractTransferListenerAdapter - Downloaded https://repo.maven.apache.org/maven2/org/springframework/spring-aop/4.2.2.RELEASE/spring-aop-4.2.2.RELEASE.pom
2017-02-28 10:43:28,685 [Worker-25] INFO  o.e.m.c.i.e.AbstractTransferListenerAdapter - Downloading https://repo.maven.apache.org/maven2/org/springframework/spring-beans/4.2.2.RELEASE/spring-beans-4.2.2.RELEASE.pom
2017-02-28 10:43:28,731 [Worker-25] INFO  o.e.m.c.i.e.AbstractTransferListenerAdapter - Downloaded https://repo.maven.apache.org/maven2/org/springframework/spring-beans/4.2.2.RELEASE/spring-beans-4.2.2.RELEASE.pom
2017-02-28 10:43:28,780 [Worker-25] INFO  o.e.m.c.i.e.AbstractTransferListenerAdapter - Downloading https://repo.maven.apache.org/maven2/org/springframework/spring-core/4.2.2.RELEASE/spring-core-4.2.2.RELEASE.pom
2017-02-28 10:43:28,819 [Worker-25] INFO  o.e.m.c.i.e.AbstractTransferListenerAdapter - Downloaded https://repo.maven.apache.org/maven2/org/springframework/spring-core/4.2.2.RELEASE/spring-core-4.2.2.RELEASE.pom
2017-02-28 10:43:28,879 [Worker-25] INFO  o.e.m.c.i.e.AbstractTransferListenerAdapter - Downloading https://repo.maven.apache.org/maven2/org/springframework/spring-context/4.2.2.RELEASE/spring-context-4.2.2.RELEASE.pom
2017-02-28 10:43:28,931 [Worker-25] INFO  o.e.m.c.i.e.AbstractTransferListenerAdapter - Downloaded https://repo.maven.apache.org/maven2/org/springframework/spring-context/4.2.2.RELEASE/spring-context-4.2.2.RELEASE.pom
2017-02-28 10:43:28,969 [Worker-25] INFO  o.e.m.c.i.e.AbstractTransferListenerAdapter - Downloading https://repo.maven.apache.org/maven2/org/springframework/spring-expression/4.2.2.RELEASE/spring-expression-4.2.2.RELEASE.pom
2017-02-28 10:43:29,006 [Worker-25] INFO  o.e.m.c.i.e.AbstractTransferListenerAdapter - Downloaded https://repo.maven.apache.org/maven2/org/springframework/spring-expression/4.2.2.RELEASE/spring-expression-4.2.2.RELEASE.pom
2017-02-28 10:43:29,063 [Worker-25] INFO  o.e.m.c.i.e.AbstractTransferListenerAdapter - Downloading https://repo.maven.apache.org/maven2/org/springframework/spring-web/4.2.2.RELEASE/spring-web-4.2.2.RELEASE.jar
2017-02-28 10:43:29,475 [Worker-25] INFO  o.e.m.c.i.e.AbstractTransferListenerAdapter - Downloaded https://repo.maven.apache.org/maven2/org/springframework/spring-web/4.2.2.RELEASE/spring-web-4.2.2.RELEASE.jar
2017-02-28 10:43:29,514 [Worker-25] INFO  o.e.m.c.i.e.AbstractTransferListenerAdapter - Downloading https://repo.maven.apache.org/maven2/org/springframework/spring-aop/4.2.2.RELEASE/spring-aop-4.2.2.RELEASE.jar
2017-02-28 10:43:29,657 [Worker-25] INFO  o.e.m.c.i.e.AbstractTransferListenerAdapter - Downloaded https://repo.maven.apache.org/maven2/org/springframework/spring-aop/4.2.2.RELEASE/spring-aop-4.2.2.RELEASE.jar
2017-02-28 10:43:29,699 [Worker-25] INFO  o.e.m.c.i.e.AbstractTransferListenerAdapter - Downloading https://repo.maven.apache.org/maven2/org/springframework/spring-beans/4.2.2.RELEASE/spring-beans-4.2.2.RELEASE.jar
2017-02-28 10:43:29,908 [Worker-25] INFO  o.e.m.c.i.e.AbstractTransferListenerAdapter - Downloaded https://repo.maven.apache.org/maven2/org/springframework/spring-beans/4.2.2.RELEASE/spring-beans-4.2.2.RELEASE.jar
2017-02-28 10:43:29,955 [Worker-25] INFO  o.e.m.c.i.e.AbstractTransferListenerAdapter - Downloading https://repo.maven.apache.org/maven2/org/springframework/spring-context/4.2.2.RELEASE/spring-context-4.2.2.RELEASE.jar
2017-02-28 10:43:30,197 [Worker-25] INFO  o.e.m.c.i.e.AbstractTransferListenerAdapter - Downloaded https://repo.maven.apache.org/maven2/org/springframework/spring-context/4.2.2.RELEASE/spring-context-4.2.2.RELEASE.jar
2017-02-28 10:43:30,242 [Worker-25] INFO  o.e.m.c.i.e.AbstractTransferListenerAdapter - Downloading https://repo.maven.apache.org/maven2/org/springframework/spring-expression/4.2.2.RELEASE/spring-expression-4.2.2.RELEASE.jar
2017-02-28 10:43:30,324 [Worker-25] INFO  o.e.m.c.i.e.AbstractTransferListenerAdapter - Downloaded https://repo.maven.apache.org/maven2/org/springframework/spring-expression/4.2.2.RELEASE/spring-expression-4.2.2.RELEASE.jar
2017-02-28 10:43:30,360 [Worker-25] INFO  o.e.m.c.i.e.AbstractTransferListenerAdapter - Downloading https://repo.maven.apache.org/maven2/org/springframework/spring-core/4.2.2.RELEASE/spring-core-4.2.2.RELEASE.jar
2017-02-28 10:43:30,533 [Worker-25] INFO  o.e.m.c.i.e.AbstractTransferListenerAdapter - Downloaded https://repo.maven.apache.org/maven2/org/springframework/spring-core/4.2.2.RELEASE/spring-core-4.2.2.RELEASE.jar
2017-02-28 10:43:31,249 [Worker-25] WARN  o.e.m.c.i.embedder.EclipseLogger - Using platform encoding (Cp1252 actually) to copy filtered resources, i.e. build is platform dependent!
2017-02-28 10:43:31,250 [Worker-25] INFO  o.e.m.c.i.embedder.EclipseLogger - Copying 0 resource
2017-02-28 10:43:31,251 [Worker-25] WARN  o.e.m.c.i.embedder.EclipseLogger - Using platform encoding (Cp1252 actually) to copy filtered resources, i.e. build is platform dependent!
2017-02-28 10:43:31,252 [Worker-25] INFO  o.e.m.c.i.embedder.EclipseLogger - Copying 0 resource
2017-02-28 10:43:32,682 [Worker-32] WARN  o.e.m.c.i.embedder.EclipseLogger - Using platform encoding (Cp1252 actually) to copy filtered resources, i.e. build is platform dependent!
2017-02-28 10:43:32,683 [Worker-32] INFO  o.e.m.c.i.embedder.EclipseLogger - Copying 0 resource
2017-02-28 10:43:32,684 [Worker-32] WARN  o.e.m.c.i.embedder.EclipseLogger - Using platform encoding (Cp1252 actually) to copy filtered resources, i.e. build is platform dependent!
2017-02-28 10:43:32,685 [Worker-32] INFO  o.e.m.c.i.embedder.EclipseLogger - Copying 0 resource
2017-02-28 10:43:41,570 [Worker-34] INFO  o.e.m.c.i.l.LifecycleMappingFactory - Using org.eclipse.m2e.jdt.JarLifecycleMapping lifecycle mapping for MavenProject: spitter:spittr:0.0.1-SNAPSHOT @ D:\SpringNAction\spittr\pom.xml.
2017-02-28 10:43:41,770 [Worker-34] WARN  o.e.m.c.i.embedder.EclipseLogger - Using platform encoding (Cp1252 actually) to copy filtered resources, i.e. build is platform dependent!
2017-02-28 10:43:41,772 [Worker-34] INFO  o.e.m.c.i.embedder.EclipseLogger - Copying 0 resource
2017-02-28 10:43:41,773 [Worker-34] WARN  o.e.m.c.i.embedder.EclipseLogger - Using platform encoding (Cp1252 actually) to copy filtered resources, i.e. build is platform dependent!
2017-02-28 10:43:41,773 [Worker-34] INFO  o.e.m.c.i.embedder.EclipseLogger - Copying 0 resource
2017-02-28 10:43:43,180 [Worker-35] WARN  o.e.m.c.i.embedder.EclipseLogger - Using platform encoding (Cp1252 actually) to copy filtered resources, i.e. build is platform dependent!
2017-02-28 10:43:43,181 [Worker-35] INFO  o.e.m.c.i.embedder.EclipseLogger - Copying 0 resource
2017-02-28 10:43:43,182 [Worker-35] WARN  o.e.m.c.i.embedder.EclipseLogger - Using platform encoding (Cp1252 actually) to copy filtered resources, i.e. build is platform dependent!
2017-02-28 10:43:43,182 [Worker-35] INFO  o.e.m.c.i.embedder.EclipseLogger - Copying 0 resource
2017-02-28 10:44:02,370 [Worker-32] INFO  o.e.m.c.i.l.LifecycleMappingFactory - Using org.eclipse.m2e.jdt.JarLifecycleMapping lifecycle mapping for MavenProject: spitter:spittr:0.0.1-SNAPSHOT @ D:\SpringNAction\spittr\pom.xml.
2017-02-28 10:44:02,558 [Worker-32] WARN  o.e.m.c.i.embedder.EclipseLogger - Using platform encoding (Cp1252 actually) to copy filtered resources, i.e. build is platform dependent!
2017-02-28 10:44:02,560 [Worker-32] INFO  o.e.m.c.i.embedder.EclipseLogger - Copying 0 resource
2017-02-28 10:44:02,561 [Worker-32] WARN  o.e.m.c.i.embedder.EclipseLogger - Using platform encoding (Cp1252 actually) to copy filtered resources, i.e. build is platform dependent!
2017-02-28 10:44:02,561 [Worker-32] INFO  o.e.m.c.i.embedder.EclipseLogger - Copying 0 resource
2017-02-28 10:44:17,123 [Worker-34] WARN  o.e.m.c.i.embedder.EclipseLogger - Using platform encoding (Cp1252 actually) to copy filtered resources, i.e. build is platform dependent!
2017-02-28 10:44:17,124 [Worker-34] INFO  o.e.m.c.i.embedder.EclipseLogger - Copying 0 resource
2017-02-28 10:44:17,125 [Worker-34] WARN  o.e.m.c.i.embedder.EclipseLogger - Using platform encoding (Cp1252 actually) to copy filtered resources, i.e. build is platform dependent!
2017-02-28 10:44:17,125 [Worker-34] INFO  o.e.m.c.i.embedder.EclipseLogger - Copying 0 resource
2017-02-28 10:44:28,354 [Worker-35] WARN  o.e.m.c.i.embedder.EclipseLogger - Using platform encoding (Cp1252 actually) to copy filtered resources, i.e. build is platform dependent!
2017-02-28 10:44:28,357 [Worker-35] INFO  o.e.m.c.i.embedder.EclipseLogger - Copying 0 resource
2017-02-28 10:44:28,359 [Worker-35] WARN  o.e.m.c.i.embedder.EclipseLogger - Using platform encoding (Cp1252 actually) to copy filtered resources, i.e. build is platform dependent!
2017-02-28 10:44:28,361 [Worker-35] INFO  o.e.m.c.i.embedder.EclipseLogger - Copying 0 resource
2017-02-28 10:44:53,247 [main] INFO  o.e.m2e.actions.ExecutePomAction - Creating new launch configuration
2017-02-28 10:44:59,516 [Worker-25] INFO  o.e.m.i.launch.MavenLaunchDelegate - D:\SpringNAction\spittr
2017-02-28 10:44:59,516 [Worker-25] INFO  o.e.m.i.launch.MavenLaunchDelegate -  mvn  -B clean install
2017-02-28 10:46:02,760 [Worker-35] WARN  o.e.m.c.i.embedder.EclipseLogger - Using platform encoding (Cp1252 actually) to copy filtered resources, i.e. build is platform dependent!
2017-02-28 10:46:02,761 [Worker-35] INFO  o.e.m.c.i.embedder.EclipseLogger - Copying 0 resource
2017-02-28 10:46:02,762 [Worker-35] WARN  o.e.m.c.i.embedder.EclipseLogger - Using platform encoding (Cp1252 actually) to copy filtered resources, i.e. build is platform dependent!
2017-02-28 10:46:02,763 [Worker-35] INFO  o.e.m.c.i.embedder.EclipseLogger - Copying 0 resource
2017-02-28 10:46:16,120 [main] INFO  o.e.m2e.actions.ExecutePomAction - Using existing launch configuration
2017-02-28 10:46:16,159 [Worker-36] INFO  o.e.m.i.launch.MavenLaunchDelegate - D:\SpringNAction\spittr
2017-02-28 10:46:16,159 [Worker-36] INFO  o.e.m.i.launch.MavenLaunchDelegate -  mvn  -B clean install
2017-02-28 10:47:36,671 [Worker-35] WARN  o.e.m.c.i.embedder.EclipseLogger - Using platform encoding (Cp1252 actually) to copy filtered resources, i.e. build is platform dependent!
2017-02-28 10:47:36,672 [Worker-35] INFO  o.e.m.c.i.embedder.EclipseLogger - Copying 0 resource
2017-02-28 10:47:36,673 [Worker-35] WARN  o.e.m.c.i.embedder.EclipseLogger - Using platform encoding (Cp1252 actually) to copy filtered resources, i.e. build is platform dependent!
2017-02-28 10:47:36,674 [Worker-35] INFO  o.e.m.c.i.embedder.EclipseLogger - Copying 0 resource
2017-02-28 10:47:37,754 [Worker-36] WARN  o.e.m.c.i.embedder.EclipseLogger - Using platform encoding (Cp1252 actually) to copy filtered resources, i.e. build is platform dependent!
2017-02-28 10:47:37,756 [Worker-36] INFO  o.e.m.c.i.embedder.EclipseLogger - Copying 0 resource
2017-02-28 10:47:37,758 [Worker-36] WARN  o.e.m.c.i.embedder.EclipseLogger - Using platform encoding (Cp1252 actually) to copy filtered resources, i.e. build is platform dependent!
2017-02-28 10:47:37,760 [Worker-36] INFO  o.e.m.c.i.embedder.EclipseLogger - Copying 0 resource
2017-02-28 10:47:41,649 [main] INFO  o.e.m2e.actions.ExecutePomAction - Using existing launch configuration
2017-02-28 10:47:41,687 [Worker-35] INFO  o.e.m.i.launch.MavenLaunchDelegate - D:\SpringNAction\spittr
2017-02-28 10:47:41,687 [Worker-35] INFO  o.e.m.i.launch.MavenLaunchDelegate -  mvn  -B clean install
2017-02-28 10:50:04,324 [Worker-32] INFO  o.e.m.c.i.l.LifecycleMappingFactory - Using org.eclipse.m2e.jdt.JarLifecycleMapping lifecycle mapping for MavenProject: spitter:spittr:0.0.1-SNAPSHOT @ D:\SpringNAction\spittr\pom.xml.
2017-02-28 10:50:04,733 [Worker-32] WARN  o.e.m.c.i.embedder.EclipseLogger - Using platform encoding (Cp1252 actually) to copy filtered resources, i.e. build is platform dependent!
2017-02-28 10:50:04,735 [Worker-32] INFO  o.e.m.c.i.embedder.EclipseLogger - Copying 0 resource
2017-02-28 10:50:04,736 [Worker-32] WARN  o.e.m.c.i.embedder.EclipseLogger - Using platform encoding (Cp1252 actually) to copy filtered resources, i.e. build is platform dependent!
2017-02-28 10:50:04,737 [Worker-32] INFO  o.e.m.c.i.embedder.EclipseLogger - Copying 0 resource
2017-02-28 10:50:06,200 [Worker-22] WARN  o.e.m.c.i.embedder.EclipseLogger - Using platform encoding (Cp1252 actually) to copy filtered resources, i.e. build is platform dependent!
2017-02-28 10:50:06,201 [Worker-22] INFO  o.e.m.c.i.embedder.EclipseLogger - Copying 0 resource
2017-02-28 10:50:06,201 [Worker-22] WARN  o.e.m.c.i.embedder.EclipseLogger - Using platform encoding (Cp1252 actually) to copy filtered resources, i.e. build is platform dependent!
2017-02-28 10:50:06,202 [Worker-22] INFO  o.e.m.c.i.embedder.EclipseLogger - Copying 0 resource
2017-02-28 10:50:11,204 [main] INFO  o.e.m2e.actions.ExecutePomAction - Using existing launch configuration
2017-02-28 10:50:11,255 [Worker-32] INFO  o.e.m.i.launch.MavenLaunchDelegate - D:\SpringNAction\spittr
2017-02-28 10:50:11,255 [Worker-32] INFO  o.e.m.i.launch.MavenLaunchDelegate -  mvn  -B clean install
2017-02-28 10:50:59,892 [Worker-36] INFO  o.e.m.c.i.l.LifecycleMappingFactory - Using org.eclipse.m2e.jdt.JarLifecycleMapping lifecycle mapping for MavenProject: spitter:spittr:0.0.1-SNAPSHOT @ D:\SpringNAction\spittr\pom.xml.
2017-02-28 10:51:00,176 [Worker-36] WARN  o.e.m.c.i.embedder.EclipseLogger - Using platform encoding (Cp1252 actually) to copy filtered resources, i.e. build is platform dependent!
2017-02-28 10:51:00,177 [Worker-36] INFO  o.e.m.c.i.embedder.EclipseLogger - Copying 0 resource
2017-02-28 10:51:00,178 [Worker-36] WARN  o.e.m.c.i.embedder.EclipseLogger - Using platform encoding (Cp1252 actually) to copy filtered resources, i.e. build is platform dependent!
2017-02-28 10:51:00,179 [Worker-36] INFO  o.e.m.c.i.embedder.EclipseLogger - Copying 0 resource
2017-02-28 10:51:01,642 [Worker-32] WARN  o.e.m.c.i.embedder.EclipseLogger - Using platform encoding (Cp1252 actually) to copy filtered resources, i.e. build is platform dependent!
2017-02-28 10:51:01,643 [Worker-32] INFO  o.e.m.c.i.embedder.EclipseLogger - Copying 0 resource
2017-02-28 10:51:01,644 [Worker-32] WARN  o.e.m.c.i.embedder.EclipseLogger - Using platform encoding (Cp1252 actually) to copy filtered resources, i.e. build is platform dependent!
2017-02-28 10:51:01,644 [Worker-32] INFO  o.e.m.c.i.embedder.EclipseLogger - Copying 0 resource
2017-02-28 10:51:33,286 [main] INFO  o.e.m2e.actions.ExecutePomAction - Using existing launch configuration
2017-02-28 10:51:33,323 [Worker-32] INFO  o.e.m.i.launch.MavenLaunchDelegate - D:\SpringNAction\spittr
2017-02-28 10:51:33,323 [Worker-32] INFO  o.e.m.i.launch.MavenLaunchDelegate -  mvn  -B clean install
2017-02-28 10:52:03,715 [Worker-38] WARN  o.e.m.c.i.embedder.EclipseLogger - Using platform encoding (Cp1252 actually) to copy filtered resources, i.e. build is platform dependent!
2017-02-28 10:52:03,716 [Worker-38] INFO  o.e.m.c.i.embedder.EclipseLogger - Copying 0 resource
2017-02-28 10:52:03,717 [Worker-38] WARN  o.e.m.c.i.embedder.EclipseLogger - Using platform encoding (Cp1252 actually) to copy filtered resources, i.e. build is platform dependent!
2017-02-28 10:52:03,718 [Worker-38] INFO  o.e.m.c.i.embedder.EclipseLogger - Copying 0 resource
2017-02-28 10:52:08,850 [Worker-38] WARN  o.e.m.c.i.embedder.EclipseLogger - Using platform encoding (Cp1252 actually) to copy filtered resources, i.e. build is platform dependent!
2017-02-28 10:52:08,851 [Worker-38] INFO  o.e.m.c.i.embedder.EclipseLogger - Copying 0 resource
2017-02-28 10:52:08,853 [Worker-38] WARN  o.e.m.c.i.embedder.EclipseLogger - Using platform encoding (Cp1252 actually) to copy filtered resources, i.e. build is platform dependent!
2017-02-28 10:52:08,854 [Worker-38] INFO  o.e.m.c.i.embedder.EclipseLogger - Copying 0 resource
2017-02-28 10:52:37,164 [Worker-36] WARN  o.e.m.c.i.embedder.EclipseLogger - Using platform encoding (Cp1252 actually) to copy filtered resources, i.e. build is platform dependent!
2017-02-28 10:52:37,166 [Worker-36] INFO  o.e.m.c.i.embedder.EclipseLogger - Copying 0 resource
2017-02-28 10:52:37,167 [Worker-36] WARN  o.e.m.c.i.embedder.EclipseLogger - Using platform encoding (Cp1252 actually) to copy filtered resources, i.e. build is platform dependent!
2017-02-28 10:52:37,168 [Worker-36] INFO  o.e.m.c.i.embedder.EclipseLogger - Copying 0 resource
2017-02-28 10:53:09,904 [main] INFO  o.e.m2e.actions.ExecutePomAction - Using existing launch configuration
2017-02-28 10:53:09,941 [Worker-34] INFO  o.e.m.i.launch.MavenLaunchDelegate - D:\SpringNAction\spittr
2017-02-28 10:53:09,941 [Worker-34] INFO  o.e.m.i.launch.MavenLaunchDelegate -  mvn  -B clean install
2017-02-28 10:54:02,602 [Worker-40] INFO  o.e.m.c.i.l.LifecycleMappingFactory - Using org.eclipse.m2e.jdt.JarLifecycleMapping lifecycle mapping for MavenProject: spitter:spittr:0.0.1-SNAPSHOT @ D:\SpringNAction\spittr\pom.xml.
2017-02-28 10:54:39,154 [main] INFO  o.e.m2e.actions.ExecutePomAction - Using existing launch configuration
2017-02-28 10:54:39,197 [Worker-36] INFO  o.e.m.i.launch.MavenLaunchDelegate - D:\SpringNAction\spittr
2017-02-28 10:54:39,197 [Worker-36] INFO  o.e.m.i.launch.MavenLaunchDelegate -  mvn  -B clean install
2017-02-28 10:59:16,003 [Worker-36] INFO  o.e.m.c.i.l.LifecycleMappingFactory - Using org.eclipse.m2e.jdt.JarLifecycleMapping lifecycle mapping for MavenProject: spitter:spittr:0.0.1-SNAPSHOT @ D:\SpringNAction\spittr\pom.xml.
2017-02-28 10:59:16,232 [Worker-36] WARN  o.e.m.c.i.embedder.EclipseLogger - Using platform encoding (Cp1252 actually) to copy filtered resources, i.e. build is platform dependent!
2017-02-28 10:59:16,234 [Worker-36] INFO  o.e.m.c.i.embedder.EclipseLogger - Copying 0 resource
2017-02-28 10:59:16,235 [Worker-36] WARN  o.e.m.c.i.embedder.EclipseLogger - Using platform encoding (Cp1252 actually) to copy filtered resources, i.e. build is platform dependent!
2017-02-28 10:59:16,236 [Worker-36] INFO  o.e.m.c.i.embedder.EclipseLogger - Copying 0 resource
2017-02-28 10:59:21,507 [main] INFO  o.e.m2e.actions.ExecutePomAction - Using existing launch configuration
2017-02-28 10:59:21,535 [Worker-64] INFO  o.e.m.i.launch.MavenLaunchDelegate - D:\SpringNAction\spittr
2017-02-28 10:59:21,535 [Worker-64] INFO  o.e.m.i.launch.MavenLaunchDelegate -  mvn  -B clean install
2017-02-28 10:59:56,147 [Worker-36] INFO  o.e.m.c.i.l.LifecycleMappingFactory - Using org.eclipse.m2e.jdt.JarLifecycleMapping lifecycle mapping for MavenProject: spitter:spittr:0.0.1-SNAPSHOT @ D:\SpringNAction\spittr\pom.xml.
2017-02-28 10:59:56,479 [Worker-36] WARN  o.e.m.c.i.embedder.EclipseLogger - Using platform encoding (Cp1252 actually) to copy filtered resources, i.e. build is platform dependent!
2017-02-28 10:59:56,481 [Worker-36] INFO  o.e.m.c.i.embedder.EclipseLogger - Copying 0 resource
2017-02-28 10:59:56,482 [Worker-36] WARN  o.e.m.c.i.embedder.EclipseLogger - Using platform encoding (Cp1252 actually) to copy filtered resources, i.e. build is platform dependent!
2017-02-28 10:59:56,483 [Worker-36] INFO  o.e.m.c.i.embedder.EclipseLogger - Copying 0 resource
2017-02-28 10:59:58,227 [Worker-65] WARN  o.e.m.c.i.embedder.EclipseLogger - Using platform encoding (Cp1252 actually) to copy filtered resources, i.e. build is platform dependent!
2017-02-28 10:59:58,228 [Worker-65] INFO  o.e.m.c.i.embedder.EclipseLogger - Copying 0 resource
2017-02-28 10:59:58,228 [Worker-65] WARN  o.e.m.c.i.embedder.EclipseLogger - Using platform encoding (Cp1252 actually) to copy filtered resources, i.e. build is platform dependent!
2017-02-28 10:59:58,229 [Worker-65] INFO  o.e.m.c.i.embedder.EclipseLogger - Copying 0 resource
2017-02-28 11:00:02,241 [Worker-65] INFO  o.e.m.c.i.l.LifecycleMappingFactory - Using org.eclipse.m2e.jdt.JarLifecycleMapping lifecycle mapping for MavenProject: spitter:spittr:0.0.1-SNAPSHOT @ D:\SpringNAction\spittr\pom.xml.
2017-02-28 11:00:02,484 [Worker-65] WARN  o.e.m.c.i.embedder.EclipseLogger - Using platform encoding (Cp1252 actually) to copy filtered resources, i.e. build is platform dependent!
2017-02-28 11:00:02,485 [Worker-65] INFO  o.e.m.c.i.embedder.EclipseLogger - Copying 0 resource
2017-02-28 11:00:02,486 [Worker-65] WARN  o.e.m.c.i.embedder.EclipseLogger - Using platform encoding (Cp1252 actually) to copy filtered resources, i.e. build is platform dependent!
2017-02-28 11:00:02,487 [Worker-65] INFO  o.e.m.c.i.embedder.EclipseLogger - Copying 0 resource
2017-02-28 11:00:10,077 [main] INFO  o.e.m2e.actions.ExecutePomAction - Using existing launch configuration
2017-02-28 11:00:10,116 [Worker-36] INFO  o.e.m.i.launch.MavenLaunchDelegate - D:\SpringNAction\spittr
2017-02-28 11:00:10,116 [Worker-36] INFO  o.e.m.i.launch.MavenLaunchDelegate -  mvn  -B clean install
2017-02-28 11:01:14,497 [Worker-64] WARN  o.e.m.c.i.embedder.EclipseLogger - Using platform encoding (Cp1252 actually) to copy filtered resources, i.e. build is platform dependent!
2017-02-28 11:01:14,498 [Worker-64] INFO  o.e.m.c.i.embedder.EclipseLogger - Copying 0 resource
2017-02-28 11:01:14,499 [Worker-64] WARN  o.e.m.c.i.embedder.EclipseLogger - Using platform encoding (Cp1252 actually) to copy filtered resources, i.e. build is platform dependent!
2017-02-28 11:01:14,500 [Worker-64] INFO  o.e.m.c.i.embedder.EclipseLogger - Copying 0 resource
2017-02-28 11:01:17,409 [Worker-67] WARN  o.e.m.c.i.embedder.EclipseLogger - Using platform encoding (Cp1252 actually) to copy filtered resources, i.e. build is platform dependent!
2017-02-28 11:01:17,410 [Worker-67] INFO  o.e.m.c.i.embedder.EclipseLogger - Copying 0 resource
2017-02-28 11:01:17,411 [Worker-67] WARN  o.e.m.c.i.embedder.EclipseLogger - Using platform encoding (Cp1252 actually) to copy filtered resources, i.e. build is platform dependent!
2017-02-28 11:01:17,412 [Worker-67] INFO  o.e.m.c.i.embedder.EclipseLogger - Copying 0 resource
2017-02-28 11:01:22,124 [Worker-67] WARN  o.e.m.c.i.embedder.EclipseLogger - Using platform encoding (Cp1252 actually) to copy filtered resources, i.e. build is platform dependent!
2017-02-28 11:01:22,125 [Worker-67] INFO  o.e.m.c.i.embedder.EclipseLogger - Copying 0 resource
2017-02-28 11:01:22,126 [Worker-67] WARN  o.e.m.c.i.embedder.EclipseLogger - Using platform encoding (Cp1252 actually) to copy filtered resources, i.e. build is platform dependent!
2017-02-28 11:01:22,127 [Worker-67] INFO  o.e.m.c.i.embedder.EclipseLogger - Copying 0 resource
2017-02-28 11:01:25,999 [Worker-64] WARN  o.e.m.c.i.embedder.EclipseLogger - Using platform encoding (Cp1252 actually) to copy filtered resources, i.e. build is platform dependent!
2017-02-28 11:01:26,000 [Worker-64] INFO  o.e.m.c.i.embedder.EclipseLogger - Copying 0 resource
2017-02-28 11:01:26,001 [Worker-64] WARN  o.e.m.c.i.embedder.EclipseLogger - Using platform encoding (Cp1252 actually) to copy filtered resources, i.e. build is platform dependent!
2017-02-28 11:01:26,002 [Worker-64] INFO  o.e.m.c.i.embedder.EclipseLogger - Copying 0 resource
2017-02-28 11:01:32,166 [Worker-64] WARN  o.e.m.c.i.embedder.EclipseLogger - Using platform encoding (Cp1252 actually) to copy filtered resources, i.e. build is platform dependent!
2017-02-28 11:01:32,167 [Worker-64] INFO  o.e.m.c.i.embedder.EclipseLogger - Copying 0 resource
2017-02-28 11:01:32,168 [Worker-64] WARN  o.e.m.c.i.embedder.EclipseLogger - Using platform encoding (Cp1252 actually) to copy filtered resources, i.e. build is platform dependent!
2017-02-28 11:01:32,169 [Worker-64] INFO  o.e.m.c.i.embedder.EclipseLogger - Copying 0 resource
2017-02-28 11:02:25,121 [Worker-64] WARN  o.e.m.c.i.embedder.EclipseLogger - Using platform encoding (Cp1252 actually) to copy filtered resources, i.e. build is platform dependent!
2017-02-28 11:02:25,123 [Worker-64] INFO  o.e.m.c.i.embedder.EclipseLogger - Copying 0 resource
2017-02-28 11:02:25,124 [Worker-64] WARN  o.e.m.c.i.embedder.EclipseLogger - Using platform encoding (Cp1252 actually) to copy filtered resources, i.e. build is platform dependent!
2017-02-28 11:02:25,125 [Worker-64] INFO  o.e.m.c.i.embedder.EclipseLogger - Copying 0 resource
2017-02-28 11:03:04,114 [Worker-36] WARN  o.e.m.c.i.embedder.EclipseLogger - Using platform encoding (Cp1252 actually) to copy filtered resources, i.e. build is platform dependent!
2017-02-28 11:03:04,115 [Worker-36] INFO  o.e.m.c.i.embedder.EclipseLogger - Copying 0 resource
2017-02-28 11:03:04,116 [Worker-36] WARN  o.e.m.c.i.embedder.EclipseLogger - Using platform encoding (Cp1252 actually) to copy filtered resources, i.e. build is platform dependent!
2017-02-28 11:03:04,117 [Worker-36] INFO  o.e.m.c.i.embedder.EclipseLogger - Copying 0 resource
2017-02-28 11:03:10,874 [Worker-54] WARN  o.e.m.c.i.embedder.EclipseLogger - Using platform encoding (Cp1252 actually) to copy filtered resources, i.e. build is platform dependent!
2017-02-28 11:03:10,875 [Worker-54] INFO  o.e.m.c.i.embedder.EclipseLogger - Copying 0 resource
2017-02-28 11:03:10,876 [Worker-54] WARN  o.e.m.c.i.embedder.EclipseLogger - Using platform encoding (Cp1252 actually) to copy filtered resources, i.e. build is platform dependent!
2017-02-28 11:03:10,877 [Worker-54] INFO  o.e.m.c.i.embedder.EclipseLogger - Copying 0 resource
2017-02-28 11:03:14,929 [Worker-65] WARN  o.e.m.c.i.embedder.EclipseLogger - Using platform encoding (Cp1252 actually) to copy filtered resources, i.e. build is platform dependent!
2017-02-28 11:03:14,931 [Worker-65] INFO  o.e.m.c.i.embedder.EclipseLogger - Copying 0 resource
2017-02-28 11:03:14,932 [Worker-65] WARN  o.e.m.c.i.embedder.EclipseLogger - Using platform encoding (Cp1252 actually) to copy filtered resources, i.e. build is platform dependent!
2017-02-28 11:03:14,933 [Worker-65] INFO  o.e.m.c.i.embedder.EclipseLogger - Copying 0 resource
2017-02-28 11:03:17,679 [Worker-54] WARN  o.e.m.c.i.embedder.EclipseLogger - Using platform encoding (Cp1252 actually) to copy filtered resources, i.e. build is platform dependent!
2017-02-28 11:03:17,680 [Worker-54] INFO  o.e.m.c.i.embedder.EclipseLogger - Copying 0 resource
2017-02-28 11:03:17,681 [Worker-54] WARN  o.e.m.c.i.embedder.EclipseLogger - Using platform encoding (Cp1252 actually) to copy filtered resources, i.e. build is platform dependent!
2017-02-28 11:03:17,682 [Worker-54] INFO  o.e.m.c.i.embedder.EclipseLogger - Copying 0 resource
2017-02-28 11:03:35,645 [Worker-65] WARN  o.e.m.c.i.embedder.EclipseLogger - Using platform encoding (Cp1252 actually) to copy filtered resources, i.e. build is platform dependent!
2017-02-28 11:03:35,646 [Worker-65] INFO  o.e.m.c.i.embedder.EclipseLogger - Copying 0 resource
2017-02-28 11:03:35,647 [Worker-65] WARN  o.e.m.c.i.embedder.EclipseLogger - Using platform encoding (Cp1252 actually) to copy filtered resources, i.e. build is platform dependent!
2017-02-28 11:03:35,647 [Worker-65] INFO  o.e.m.c.i.embedder.EclipseLogger - Copying 0 resource
2017-02-28 11:03:48,648 [main] INFO  o.e.m2e.actions.ExecutePomAction - Using existing launch configuration
2017-02-28 11:03:48,687 [Worker-36] INFO  o.e.m.i.launch.MavenLaunchDelegate - D:\SpringNAction\spittr
2017-02-28 11:03:48,687 [Worker-36] INFO  o.e.m.i.launch.MavenLaunchDelegate -  mvn  -B clean install
2017-02-28 11:08:14,703 [Worker-69] INFO  o.e.m.c.i.l.LifecycleMappingFactory - Using org.maven.ide.eclipse.wtp.WarLifecycleMapping lifecycle mapping for MavenProject: spitter:spittr:0.0.1-SNAPSHOT @ D:\SpringNAction\spittr\pom.xml.
2017-02-28 11:08:15,791 [Worker-69] WARN  o.e.m.c.i.embedder.EclipseLogger - Using platform encoding (Cp1252 actually) to copy filtered resources, i.e. build is platform dependent!
2017-02-28 11:08:15,792 [Worker-69] INFO  o.e.m.c.i.embedder.EclipseLogger - Copying 0 resource
2017-02-28 11:08:15,793 [Worker-69] WARN  o.e.m.c.i.embedder.EclipseLogger - Using platform encoding (Cp1252 actually) to copy filtered resources, i.e. build is platform dependent!
2017-02-28 11:08:15,794 [Worker-69] INFO  o.e.m.c.i.embedder.EclipseLogger - Copying 0 resource
2017-02-28 11:08:15,797 [Worker-69] INFO  o.e.m.w.i.f.ResourceFilteringBuildParticipant - Changed resources require a complete clean of filtered resources of spittr
2017-02-28 11:08:15,797 [Worker-69] INFO  o.e.m.w.i.f.ResourceFilteringBuildParticipant - Executing resource filtering for spittr
2017-02-28 11:08:15,831 [Worker-69] WARN  o.e.m.c.i.embedder.EclipseLogger - Using platform encoding (Cp1252 actually) to copy filtered resources, i.e. build is platform dependent!
2017-02-28 11:08:25,885 [main] INFO  o.e.m2e.actions.ExecutePomAction - Using existing launch configuration
2017-02-28 11:08:25,924 [Worker-65] INFO  o.e.m.i.launch.MavenLaunchDelegate - D:\SpringNAction\spittr
2017-02-28 11:08:25,924 [Worker-65] INFO  o.e.m.i.launch.MavenLaunchDelegate -  mvn  -B clean install
2017-02-28 11:08:54,218 [Worker-64] INFO  o.e.m.c.i.l.LifecycleMappingFactory - Using org.eclipse.m2e.jdt.JarLifecycleMapping lifecycle mapping for MavenProject: spitter:spittr:0.0.1-SNAPSHOT @ D:\SpringNAction\spittr\pom.xml.
2017-02-28 11:08:54,560 [Worker-64] WARN  o.e.m.c.i.embedder.EclipseLogger - Using platform encoding (Cp1252 actually) to copy filtered resources, i.e. build is platform dependent!
2017-02-28 11:08:54,562 [Worker-64] INFO  o.e.m.c.i.embedder.EclipseLogger - Copying 0 resource
2017-02-28 11:08:54,563 [Worker-64] WARN  o.e.m.c.i.embedder.EclipseLogger - Using platform encoding (Cp1252 actually) to copy filtered resources, i.e. build is platform dependent!
2017-02-28 11:08:54,564 [Worker-64] INFO  o.e.m.c.i.embedder.EclipseLogger - Copying 0 resource
2017-02-28 11:09:01,764 [main] INFO  o.e.m2e.actions.ExecutePomAction - Using existing launch configuration
2017-02-28 11:09:01,802 [Worker-69] INFO  o.e.m.i.launch.MavenLaunchDelegate - D:\SpringNAction\spittr
2017-02-28 11:09:01,802 [Worker-69] INFO  o.e.m.i.launch.MavenLaunchDelegate -  mvn  -B clean install
2017-02-28 11:09:51,246 [Worker-71] WARN  o.e.m.c.i.embedder.EclipseLogger - Using platform encoding (Cp1252 actually) to copy filtered resources, i.e. build is platform dependent!
2017-02-28 11:09:51,247 [Worker-71] INFO  o.e.m.c.i.embedder.EclipseLogger - Copying 0 resource
2017-02-28 11:09:51,248 [Worker-71] WARN  o.e.m.c.i.embedder.EclipseLogger - Using platform encoding (Cp1252 actually) to copy filtered resources, i.e. build is platform dependent!
2017-02-28 11:09:51,249 [Worker-71] INFO  o.e.m.c.i.embedder.EclipseLogger - Copying 0 resource
2017-02-28 11:09:57,390 [Worker-69] WARN  o.e.m.c.i.embedder.EclipseLogger - Using platform encoding (Cp1252 actually) to copy filtered resources, i.e. build is platform dependent!
2017-02-28 11:09:57,391 [Worker-69] INFO  o.e.m.c.i.embedder.EclipseLogger - Copying 0 resource
2017-02-28 11:09:57,392 [Worker-69] WARN  o.e.m.c.i.embedder.EclipseLogger - Using platform encoding (Cp1252 actually) to copy filtered resources, i.e. build is platform dependent!
2017-02-28 11:09:57,392 [Worker-69] INFO  o.e.m.c.i.embedder.EclipseLogger - Copying 0 resource
2017-02-28 11:10:02,994 [Worker-64] WARN  o.e.m.c.i.embedder.EclipseLogger - Using platform encoding (Cp1252 actually) to copy filtered resources, i.e. build is platform dependent!
2017-02-28 11:10:02,996 [Worker-64] INFO  o.e.m.c.i.embedder.EclipseLogger - Copying 0 resource
2017-02-28 11:10:02,997 [Worker-64] WARN  o.e.m.c.i.embedder.EclipseLogger - Using platform encoding (Cp1252 actually) to copy filtered resources, i.e. build is platform dependent!
2017-02-28 11:10:02,998 [Worker-64] INFO  o.e.m.c.i.embedder.EclipseLogger - Copying 0 resource
2017-02-28 11:10:05,749 [Worker-70] WARN  o.e.m.c.i.embedder.EclipseLogger - Using platform encoding (Cp1252 actually) to copy filtered resources, i.e. build is platform dependent!
2017-02-28 11:10:05,750 [Worker-70] INFO  o.e.m.c.i.embedder.EclipseLogger - Copying 0 resource
2017-02-28 11:10:05,751 [Worker-70] WARN  o.e.m.c.i.embedder.EclipseLogger - Using platform encoding (Cp1252 actually) to copy filtered resources, i.e. build is platform dependent!
2017-02-28 11:10:05,752 [Worker-70] INFO  o.e.m.c.i.embedder.EclipseLogger - Copying 0 resource
2017-02-28 11:13:56,932 [Worker-69] WARN  o.e.m.c.i.embedder.EclipseLogger - Using platform encoding (Cp1252 actually) to copy filtered resources, i.e. build is platform dependent!
2017-02-28 11:13:56,934 [Worker-69] INFO  o.e.m.c.i.embedder.EclipseLogger - Copying 0 resource
2017-02-28 11:13:56,936 [Worker-69] WARN  o.e.m.c.i.embedder.EclipseLogger - Using platform encoding (Cp1252 actually) to copy filtered resources, i.e. build is platform dependent!
2017-02-28 11:13:56,938 [Worker-69] INFO  o.e.m.c.i.embedder.EclipseLogger - Copying 0 resource
2017-02-28 11:16:16,984 [Worker-73] WARN  o.e.m.c.i.embedder.EclipseLogger - Using platform encoding (Cp1252 actually) to copy filtered resources, i.e. build is platform dependent!
2017-02-28 11:16:16,986 [Worker-73] INFO  o.e.m.c.i.embedder.EclipseLogger - Copying 0 resource
2017-02-28 11:16:16,989 [Worker-73] WARN  o.e.m.c.i.embedder.EclipseLogger - Using platform encoding (Cp1252 actually) to copy filtered resources, i.e. build is platform dependent!
2017-02-28 11:16:16,990 [Worker-73] INFO  o.e.m.c.i.embedder.EclipseLogger - Copying 0 resource
2017-02-28 11:16:25,799 [Worker-69] WARN  o.e.m.c.i.embedder.EclipseLogger - Using platform encoding (Cp1252 actually) to copy filtered resources, i.e. build is platform dependent!
2017-02-28 11:16:25,800 [Worker-69] INFO  o.e.m.c.i.embedder.EclipseLogger - Copying 0 resource
2017-02-28 11:16:25,801 [Worker-69] WARN  o.e.m.c.i.embedder.EclipseLogger - Using platform encoding (Cp1252 actually) to copy filtered resources, i.e. build is platform dependent!
2017-02-28 11:16:25,803 [Worker-69] INFO  o.e.m.c.i.embedder.EclipseLogger - Copying 0 resource
2017-02-28 11:16:31,073 [Worker-69] WARN  o.e.m.c.i.embedder.EclipseLogger - Using platform encoding (Cp1252 actually) to copy filtered resources, i.e. build is platform dependent!
2017-02-28 11:16:31,076 [Worker-69] INFO  o.e.m.c.i.embedder.EclipseLogger - Copying 0 resource
2017-02-28 11:16:31,078 [Worker-69] WARN  o.e.m.c.i.embedder.EclipseLogger - Using platform encoding (Cp1252 actually) to copy filtered resources, i.e. build is platform dependent!
2017-02-28 11:16:31,079 [Worker-69] INFO  o.e.m.c.i.embedder.EclipseLogger - Copying 0 resource
2017-02-28 11:16:39,581 [Worker-71] WARN  o.e.m.c.i.embedder.EclipseLogger - Using platform encoding (Cp1252 actually) to copy filtered resources, i.e. build is platform dependent!
2017-02-28 11:16:39,583 [Worker-71] INFO  o.e.m.c.i.embedder.EclipseLogger - Copying 0 resource
2017-02-28 11:16:39,585 [Worker-71] WARN  o.e.m.c.i.embedder.EclipseLogger - Using platform encoding (Cp1252 actually) to copy filtered resources, i.e. build is platform dependent!
2017-02-28 11:16:39,587 [Worker-71] INFO  o.e.m.c.i.embedder.EclipseLogger - Copying 0 resource
2017-02-28 11:16:48,534 [Worker-69] WARN  o.e.m.c.i.embedder.EclipseLogger - Using platform encoding (Cp1252 actually) to copy filtered resources, i.e. build is platform dependent!
2017-02-28 11:16:48,537 [Worker-69] INFO  o.e.m.c.i.embedder.EclipseLogger - Copying 0 resource
2017-02-28 11:16:48,538 [Worker-69] WARN  o.e.m.c.i.embedder.EclipseLogger - Using platform encoding (Cp1252 actually) to copy filtered resources, i.e. build is platform dependent!
2017-02-28 11:16:48,539 [Worker-69] INFO  o.e.m.c.i.embedder.EclipseLogger - Copying 0 resource
2017-02-28 11:17:16,147 [Worker-73] WARN  o.e.m.c.i.embedder.EclipseLogger - Using platform encoding (Cp1252 actually) to copy filtered resources, i.e. build is platform dependent!
2017-02-28 11:17:16,149 [Worker-73] INFO  o.e.m.c.i.embedder.EclipseLogger - Copying 0 resource
2017-02-28 11:17:16,151 [Worker-73] WARN  o.e.m.c.i.embedder.EclipseLogger - Using platform encoding (Cp1252 actually) to copy filtered resources, i.e. build is platform dependent!
2017-02-28 11:17:16,152 [Worker-73] INFO  o.e.m.c.i.embedder.EclipseLogger - Copying 0 resource
2017-02-28 11:17:46,233 [Worker-69] WARN  o.e.m.c.i.embedder.EclipseLogger - Using platform encoding (Cp1252 actually) to copy filtered resources, i.e. build is platform dependent!
2017-02-28 11:17:46,234 [Worker-69] INFO  o.e.m.c.i.embedder.EclipseLogger - Copying 0 resource
2017-02-28 11:17:46,235 [Worker-69] WARN  o.e.m.c.i.embedder.EclipseLogger - Using platform encoding (Cp1252 actually) to copy filtered resources, i.e. build is platform dependent!
2017-02-28 11:17:46,236 [Worker-69] INFO  o.e.m.c.i.embedder.EclipseLogger - Copying 0 resource
2017-02-28 11:17:50,232 [Worker-77] WARN  o.e.m.c.i.embedder.EclipseLogger - Using platform encoding (Cp1252 actually) to copy filtered resources, i.e. build is platform dependent!
2017-02-28 11:17:50,234 [Worker-77] INFO  o.e.m.c.i.embedder.EclipseLogger - Copying 0 resource
2017-02-28 11:17:50,239 [Worker-77] WARN  o.e.m.c.i.embedder.EclipseLogger - Using platform encoding (Cp1252 actually) to copy filtered resources, i.e. build is platform dependent!
2017-02-28 11:17:50,241 [Worker-77] INFO  o.e.m.c.i.embedder.EclipseLogger - Copying 0 resource
2017-02-28 11:18:29,459 [Worker-75] WARN  o.e.m.c.i.embedder.EclipseLogger - Using platform encoding (Cp1252 actually) to copy filtered resources, i.e. build is platform dependent!
2017-02-28 11:18:29,460 [Worker-75] INFO  o.e.m.c.i.embedder.EclipseLogger - Copying 0 resource
2017-02-28 11:18:29,462 [Worker-75] WARN  o.e.m.c.i.embedder.EclipseLogger - Using platform encoding (Cp1252 actually) to copy filtered resources, i.e. build is platform dependent!
2017-02-28 11:18:29,463 [Worker-75] INFO  o.e.m.c.i.embedder.EclipseLogger - Copying 0 resource
2017-02-28 11:18:39,112 [Worker-69] WARN  o.e.m.c.i.embedder.EclipseLogger - Using platform encoding (Cp1252 actually) to copy filtered resources, i.e. build is platform dependent!
2017-02-28 11:18:39,114 [Worker-69] INFO  o.e.m.c.i.embedder.EclipseLogger - Copying 0 resource
2017-02-28 11:18:39,117 [Worker-69] WARN  o.e.m.c.i.embedder.EclipseLogger - Using platform encoding (Cp1252 actually) to copy filtered resources, i.e. build is platform dependent!
2017-02-28 11:18:39,119 [Worker-69] INFO  o.e.m.c.i.embedder.EclipseLogger - Copying 0 resource
2017-02-28 11:19:02,804 [Worker-69] WARN  o.e.m.c.i.embedder.EclipseLogger - Using platform encoding (Cp1252 actually) to copy filtered resources, i.e. build is platform dependent!
2017-02-28 11:19:02,805 [Worker-69] INFO  o.e.m.c.i.embedder.EclipseLogger - Copying 0 resource
2017-02-28 11:19:02,807 [Worker-69] WARN  o.e.m.c.i.embedder.EclipseLogger - Using platform encoding (Cp1252 actually) to copy filtered resources, i.e. build is platform dependent!
2017-02-28 11:19:02,808 [Worker-69] INFO  o.e.m.c.i.embedder.EclipseLogger - Copying 0 resource
2017-02-28 11:19:41,281 [Worker-77] INFO  o.e.m.c.i.p.ProjectConfigurationManager - Collecting project info '/pom.xml' D:\SpringNAction\assdasdas\pom.xml
2017-02-28 11:19:41,365 [Worker-77] INFO  o.e.m.c.i.l.LifecycleMappingFactory - Using org.maven.ide.eclipse.wtp.WarLifecycleMapping lifecycle mapping for MavenProject: com:assdasdas:0.0.1-SNAPSHOT @ D:\SpringNAction\assdasdas\pom.xml.
2017-02-28 11:19:41,948 [Worker-77] INFO  o.e.m.j.i.AbstractJavaProjectConfigurator - Adding source folder /assdasdas/src/main/java
2017-02-28 11:19:41,948 [Worker-77] INFO  o.e.m.j.i.AbstractJavaProjectConfigurator - Adding resource folder /assdasdas/src/main/resources
2017-02-28 11:19:41,948 [Worker-77] INFO  o.e.m.j.i.AbstractJavaProjectConfigurator - Adding source folder /assdasdas/src/test/java
2017-02-28 11:19:43,858 [Worker-77] INFO  o.e.m.c.i.p.ProjectConfigurationManager - Imported and configured 1 project(s) in 2 sec
2017-02-28 11:19:44,178 [Worker-77] WARN  o.e.m.c.i.embedder.EclipseLogger - Using platform encoding (Cp1252 actually) to copy filtered resources, i.e. build is platform dependent!
2017-02-28 11:19:44,179 [Worker-77] INFO  o.e.m.c.i.embedder.EclipseLogger - Copying 0 resource
2017-02-28 11:19:44,179 [Worker-77] WARN  o.e.m.c.i.embedder.EclipseLogger - Using platform encoding (Cp1252 actually) to copy filtered resources, i.e. build is platform dependent!
2017-02-28 11:19:44,180 [Worker-77] INFO  o.e.m.c.i.embedder.EclipseLogger - skip non existing resourceDirectory D:\SpringNAction\assdasdas\src\test\resources
2017-02-28 11:20:07,749 [Worker-69] WARN  o.e.m.c.i.embedder.EclipseLogger - Using platform encoding (Cp1252 actually) to copy filtered resources, i.e. build is platform dependent!
2017-02-28 11:20:07,751 [Worker-69] INFO  o.e.m.c.i.embedder.EclipseLogger - Copying 0 resource
2017-02-28 11:20:07,753 [Worker-69] WARN  o.e.m.c.i.embedder.EclipseLogger - Using platform encoding (Cp1252 actually) to copy filtered resources, i.e. build is platform dependent!
2017-02-28 11:20:07,755 [Worker-69] INFO  o.e.m.c.i.embedder.EclipseLogger - Copying 0 resource
2017-02-28 11:20:29,983 [Worker-78] INFO  o.e.m.c.i.l.LifecycleMappingFactory - Using org.maven.ide.eclipse.wtp.WarLifecycleMapping lifecycle mapping for MavenProject: spitter:spittr:0.0.1-SNAPSHOT @ D:\SpringNAction\spittr\pom.xml.
2017-02-28 11:20:30,721 [Worker-78] WARN  o.e.m.c.i.embedder.EclipseLogger - Using platform encoding (Cp1252 actually) to copy filtered resources, i.e. build is platform dependent!
2017-02-28 11:20:30,722 [Worker-78] INFO  o.e.m.c.i.embedder.EclipseLogger - Copying 0 resource
2017-02-28 11:20:30,724 [Worker-78] WARN  o.e.m.c.i.embedder.EclipseLogger - Using platform encoding (Cp1252 actually) to copy filtered resources, i.e. build is platform dependent!
2017-02-28 11:20:30,724 [Worker-78] INFO  o.e.m.c.i.embedder.EclipseLogger - Copying 0 resource
2017-02-28 11:20:30,724 [Worker-78] INFO  o.e.m.w.i.f.ResourceFilteringBuildParticipant - Changed resources require a complete clean of filtered resources of spittr
2017-02-28 11:20:30,724 [Worker-78] INFO  o.e.m.w.i.f.ResourceFilteringBuildParticipant - Executing resource filtering for spittr
2017-02-28 11:20:30,727 [Worker-78] WARN  o.e.m.c.i.embedder.EclipseLogger - Using platform encoding (Cp1252 actually) to copy filtered resources, i.e. build is platform dependent!
2017-02-28 11:20:31,926 [Worker-77] WARN  o.e.m.c.i.embedder.EclipseLogger - Using platform encoding (Cp1252 actually) to copy filtered resources, i.e. build is platform dependent!
2017-02-28 11:20:31,927 [Worker-77] INFO  o.e.m.c.i.embedder.EclipseLogger - Copying 0 resource
2017-02-28 11:20:31,928 [Worker-77] WARN  o.e.m.c.i.embedder.EclipseLogger - Using platform encoding (Cp1252 actually) to copy filtered resources, i.e. build is platform dependent!
2017-02-28 11:20:31,928 [Worker-77] INFO  o.e.m.c.i.embedder.EclipseLogger - Copying 0 resource
2017-02-28 11:20:34,754 [main] INFO  o.e.m2e.actions.ExecutePomAction - Using existing launch configuration
2017-02-28 11:20:34,791 [Worker-75] INFO  o.e.m.i.launch.MavenLaunchDelegate - D:\SpringNAction\spittr
2017-02-28 11:20:34,792 [Worker-75] INFO  o.e.m.i.launch.MavenLaunchDelegate -  mvn  -B clean install
2017-02-28 11:20:51,967 [Worker-77] WARN  o.e.m.c.i.embedder.EclipseLogger - Using platform encoding (Cp1252 actually) to copy filtered resources, i.e. build is platform dependent!
2017-02-28 11:20:51,968 [Worker-77] INFO  o.e.m.c.i.embedder.EclipseLogger - Copying 0 resource
2017-02-28 11:20:51,969 [Worker-77] WARN  o.e.m.c.i.embedder.EclipseLogger - Using platform encoding (Cp1252 actually) to copy filtered resources, i.e. build is platform dependent!
2017-02-28 11:20:51,969 [Worker-77] INFO  o.e.m.c.i.embedder.EclipseLogger - Copying 0 resource
2017-02-28 11:20:51,969 [Worker-77] INFO  o.e.m.w.i.f.ResourceFilteringBuildParticipant - Changed resources require a complete clean of filtered resources of spittr
2017-02-28 11:20:51,970 [Worker-77] INFO  o.e.m.w.i.f.ResourceFilteringBuildParticipant - Executing resource filtering for spittr
2017-02-28 11:20:51,972 [Worker-77] WARN  o.e.m.c.i.embedder.EclipseLogger - Using platform encoding (Cp1252 actually) to copy filtered resources, i.e. build is platform dependent!
2017-02-28 11:21:16,089 [main] INFO  o.e.m2e.actions.ExecutePomAction - Using existing launch configuration
2017-02-28 11:21:16,125 [Worker-76] INFO  o.e.m.i.launch.MavenLaunchDelegate - D:\SpringNAction\spittr
2017-02-28 11:21:16,125 [Worker-76] INFO  o.e.m.i.launch.MavenLaunchDelegate -  mvn  -B clean install
2017-02-28 11:24:07,558 [Worker-79] INFO  o.e.m.c.i.p.ProjectConfigurationManager - Update started
2017-02-28 11:24:08,129 [Worker-79] INFO  o.e.m.c.i.l.LifecycleMappingFactory - Using org.maven.ide.eclipse.wtp.WarLifecycleMapping lifecycle mapping for MavenProject: spitter:spittr:0.0.1-SNAPSHOT @ D:\SpringNAction\spittr\pom.xml.
2017-02-28 11:24:08,813 [Worker-79] INFO  o.e.m.j.i.AbstractJavaProjectConfigurator - Adding source folder /spittr/src/main/java
2017-02-28 11:24:08,813 [Worker-79] INFO  o.e.m.j.i.AbstractJavaProjectConfigurator - Adding resource folder /spittr/src/main/resources
2017-02-28 11:24:08,814 [Worker-79] INFO  o.e.m.j.i.AbstractJavaProjectConfigurator - Adding source folder /spittr/src/test/java
2017-02-28 11:24:08,814 [Worker-79] INFO  o.e.m.j.i.AbstractJavaProjectConfigurator - Adding resource folder /spittr/src/test/resources
2017-02-28 11:24:10,207 [Worker-79] INFO  o.e.m.w.i.f.ResourceFilteringBuildParticipant - Cleaning filtered folder for spittr
2017-02-28 11:24:10,211 [Worker-79] INFO  o.e.m.c.i.p.ProjectConfigurationManager - Update completed: 2 sec
2017-02-28 11:24:10,483 [Worker-86] WARN  o.e.m.c.i.embedder.EclipseLogger - Using platform encoding (Cp1252 actually) to copy filtered resources, i.e. build is platform dependent!
2017-02-28 11:24:10,484 [Worker-86] INFO  o.e.m.c.i.embedder.EclipseLogger - Copying 0 resource
2017-02-28 11:24:10,485 [Worker-86] WARN  o.e.m.c.i.embedder.EclipseLogger - Using platform encoding (Cp1252 actually) to copy filtered resources, i.e. build is platform dependent!
2017-02-28 11:24:10,486 [Worker-86] INFO  o.e.m.c.i.embedder.EclipseLogger - Copying 0 resource
2017-02-28 11:24:10,486 [Worker-86] INFO  o.e.m.w.i.f.ResourceFilteringBuildParticipant - Changed resources require a complete clean of filtered resources of spittr
2017-02-28 11:24:10,486 [Worker-86] INFO  o.e.m.w.i.f.ResourceFilteringBuildParticipant - Executing resource filtering for spittr
2017-02-28 11:24:10,488 [Worker-86] WARN  o.e.m.c.i.embedder.EclipseLogger - Using platform encoding (Cp1252 actually) to copy filtered resources, i.e. build is platform dependent!
2017-02-28 11:25:48,210 [Worker-81] INFO  o.e.m.c.i.l.LifecycleMappingFactory - Using org.maven.ide.eclipse.wtp.WarLifecycleMapping lifecycle mapping for MavenProject: spitter:spittr:0.0.1-SNAPSHOT @ D:\SpringNAction\spittr\pom.xml.
2017-02-28 11:25:48,520 [Worker-81] INFO  o.e.m.c.i.e.AbstractTransferListenerAdapter - Downloading https://repo.maven.apache.org/maven2/javax/servlet/jstl/1.2/jstl-1.2.pom
2017-02-28 11:25:48,565 [Worker-81] INFO  o.e.m.c.i.e.AbstractTransferListenerAdapter - Downloaded https://repo.maven.apache.org/maven2/javax/servlet/jstl/1.2/jstl-1.2.pom
2017-02-28 11:25:48,656 [Worker-81] INFO  o.e.m.c.i.e.AbstractTransferListenerAdapter - Downloading https://repo.maven.apache.org/maven2/javax/servlet/jstl/1.2/jstl-1.2.jar
2017-02-28 11:25:48,914 [Worker-81] INFO  o.e.m.c.i.e.AbstractTransferListenerAdapter - Downloaded https://repo.maven.apache.org/maven2/javax/servlet/jstl/1.2/jstl-1.2.jar
2017-02-28 11:25:50,187 [Worker-81] WARN  o.e.m.c.i.embedder.EclipseLogger - Using platform encoding (Cp1252 actually) to copy filtered resources, i.e. build is platform dependent!
2017-02-28 11:25:50,189 [Worker-81] INFO  o.e.m.c.i.embedder.EclipseLogger - Copying 0 resource
2017-02-28 11:25:50,190 [Worker-81] WARN  o.e.m.c.i.embedder.EclipseLogger - Using platform encoding (Cp1252 actually) to copy filtered resources, i.e. build is platform dependent!
2017-02-28 11:25:50,191 [Worker-81] INFO  o.e.m.c.i.embedder.EclipseLogger - Copying 0 resource
2017-02-28 11:25:50,191 [Worker-81] INFO  o.e.m.w.i.f.ResourceFilteringBuildParticipant - Changed resources require a complete clean of filtered resources of spittr
2017-02-28 11:25:50,191 [Worker-81] INFO  o.e.m.w.i.f.ResourceFilteringBuildParticipant - Executing resource filtering for spittr
2017-02-28 11:25:50,193 [Worker-81] WARN  o.e.m.c.i.embedder.EclipseLogger - Using platform encoding (Cp1252 actually) to copy filtered resources, i.e. build is platform dependent!
2017-02-28 11:25:51,344 [Worker-78] WARN  o.e.m.c.i.embedder.EclipseLogger - Using platform encoding (Cp1252 actually) to copy filtered resources, i.e. build is platform dependent!
2017-02-28 11:25:51,345 [Worker-78] INFO  o.e.m.c.i.embedder.EclipseLogger - Copying 0 resource
2017-02-28 11:25:51,346 [Worker-78] WARN  o.e.m.c.i.embedder.EclipseLogger - Using platform encoding (Cp1252 actually) to copy filtered resources, i.e. build is platform dependent!
2017-02-28 11:25:51,346 [Worker-78] INFO  o.e.m.c.i.embedder.EclipseLogger - Copying 0 resource
2017-02-28 11:25:56,611 [main] INFO  o.e.m2e.actions.ExecutePomAction - Using existing launch configuration
2017-02-28 11:25:56,638 [Worker-81] INFO  o.e.m.i.launch.MavenLaunchDelegate - D:\SpringNAction\spittr
2017-02-28 11:25:56,638 [Worker-81] INFO  o.e.m.i.launch.MavenLaunchDelegate -  mvn  -B clean install
2017-02-28 11:26:10,605 [Worker-79] WARN  o.e.m.c.i.embedder.EclipseLogger - Using platform encoding (Cp1252 actually) to copy filtered resources, i.e. build is platform dependent!
2017-02-28 11:26:10,606 [Worker-79] INFO  o.e.m.c.i.embedder.EclipseLogger - Copying 0 resource
2017-02-28 11:26:10,607 [Worker-79] WARN  o.e.m.c.i.embedder.EclipseLogger - Using platform encoding (Cp1252 actually) to copy filtered resources, i.e. build is platform dependent!
2017-02-28 11:26:10,608 [Worker-79] INFO  o.e.m.c.i.embedder.EclipseLogger - Copying 0 resource
2017-02-28 11:26:11,646 [Worker-81] WARN  o.e.m.c.i.embedder.EclipseLogger - Using platform encoding (Cp1252 actually) to copy filtered resources, i.e. build is platform dependent!
2017-02-28 11:26:11,649 [Worker-81] INFO  o.e.m.c.i.embedder.EclipseLogger - Copying 0 resource
2017-02-28 11:26:11,651 [Worker-81] WARN  o.e.m.c.i.embedder.EclipseLogger - Using platform encoding (Cp1252 actually) to copy filtered resources, i.e. build is platform dependent!
2017-02-28 11:26:11,653 [Worker-81] INFO  o.e.m.c.i.embedder.EclipseLogger - Copying 0 resource
2017-02-28 14:57:12,672 [main] INFO  o.e.m2e.actions.ExecutePomAction - Using existing launch configuration
2017-02-28 14:57:12,702 [Worker-152] INFO  o.e.m.i.launch.MavenLaunchDelegate - D:\SpringNAction\spittr
2017-02-28 14:57:12,703 [Worker-152] INFO  o.e.m.i.launch.MavenLaunchDelegate -  mvn  -B clean install
2017-02-28 15:00:01,302 [Worker-156] WARN  o.e.m.c.i.embedder.EclipseLogger - Using platform encoding (Cp1252 actually) to copy filtered resources, i.e. build is platform dependent!
2017-02-28 15:00:01,304 [Worker-156] INFO  o.e.m.c.i.embedder.EclipseLogger - Copying 0 resource
2017-02-28 15:00:01,304 [Worker-156] WARN  o.e.m.c.i.embedder.EclipseLogger - Using platform encoding (Cp1252 actually) to copy filtered resources, i.e. build is platform dependent!
2017-02-28 15:00:01,305 [Worker-156] INFO  o.e.m.c.i.embedder.EclipseLogger - Copying 0 resource
2017-02-28 15:00:07,683 [Worker-158] WARN  o.e.m.c.i.embedder.EclipseLogger - Using platform encoding (Cp1252 actually) to copy filtered resources, i.e. build is platform dependent!
2017-02-28 15:00:07,684 [Worker-158] INFO  o.e.m.c.i.embedder.EclipseLogger - Copying 0 resource
2017-02-28 15:00:07,684 [Worker-158] WARN  o.e.m.c.i.embedder.EclipseLogger - Using platform encoding (Cp1252 actually) to copy filtered resources, i.e. build is platform dependent!
2017-02-28 15:00:07,685 [Worker-158] INFO  o.e.m.c.i.embedder.EclipseLogger - Copying 0 resource
2017-02-28 15:00:08,696 [Worker-156] WARN  o.e.m.c.i.embedder.EclipseLogger - Using platform encoding (Cp1252 actually) to copy filtered resources, i.e. build is platform dependent!
2017-02-28 15:00:08,697 [Worker-156] INFO  o.e.m.c.i.embedder.EclipseLogger - Copying 0 resource
2017-02-28 15:00:08,698 [Worker-156] WARN  o.e.m.c.i.embedder.EclipseLogger - Using platform encoding (Cp1252 actually) to copy filtered resources, i.e. build is platform dependent!
2017-02-28 15:00:08,698 [Worker-156] INFO  o.e.m.c.i.embedder.EclipseLogger - Copying 0 resource
2017-02-28 15:00:13,197 [Worker-157] WARN  o.e.m.c.i.embedder.EclipseLogger - Using platform encoding (Cp1252 actually) to copy filtered resources, i.e. build is platform dependent!
2017-02-28 15:00:13,198 [Worker-157] INFO  o.e.m.c.i.embedder.EclipseLogger - Copying 0 resource
2017-02-28 15:00:13,199 [Worker-157] WARN  o.e.m.c.i.embedder.EclipseLogger - Using platform encoding (Cp1252 actually) to copy filtered resources, i.e. build is platform dependent!
2017-02-28 15:00:13,199 [Worker-157] INFO  o.e.m.c.i.embedder.EclipseLogger - Copying 0 resource
2017-02-28 15:00:17,095 [Worker-156] WARN  o.e.m.c.i.embedder.EclipseLogger - Using platform encoding (Cp1252 actually) to copy filtered resources, i.e. build is platform dependent!
2017-02-28 15:00:17,096 [Worker-156] INFO  o.e.m.c.i.embedder.EclipseLogger - Copying 0 resource
2017-02-28 15:00:17,097 [Worker-156] WARN  o.e.m.c.i.embedder.EclipseLogger - Using platform encoding (Cp1252 actually) to copy filtered resources, i.e. build is platform dependent!
2017-02-28 15:00:17,098 [Worker-156] INFO  o.e.m.c.i.embedder.EclipseLogger - Copying 0 resource
2017-02-28 15:01:06,813 [Worker-156] INFO  o.e.m.c.i.l.LifecycleMappingFactory - Using org.maven.ide.eclipse.wtp.WarLifecycleMapping lifecycle mapping for MavenProject: spitter:spittr:0.0.1-SNAPSHOT @ D:\SpringNAction\spittr\pom.xml.
2017-02-28 15:01:07,752 [Worker-156] WARN  o.e.m.c.i.embedder.EclipseLogger - Using platform encoding (Cp1252 actually) to copy filtered resources, i.e. build is platform dependent!
2017-02-28 15:01:07,754 [Worker-156] INFO  o.e.m.c.i.embedder.EclipseLogger - Copying 0 resource
2017-02-28 15:01:07,755 [Worker-156] WARN  o.e.m.c.i.embedder.EclipseLogger - Using platform encoding (Cp1252 actually) to copy filtered resources, i.e. build is platform dependent!
2017-02-28 15:01:07,756 [Worker-156] INFO  o.e.m.c.i.embedder.EclipseLogger - Copying 0 resource
2017-02-28 15:01:07,756 [Worker-156] INFO  o.e.m.w.i.f.ResourceFilteringBuildParticipant - Changed resources require a complete clean of filtered resources of spittr
2017-02-28 15:01:07,756 [Worker-156] INFO  o.e.m.w.i.f.ResourceFilteringBuildParticipant - Executing resource filtering for spittr
2017-02-28 15:01:07,759 [Worker-156] WARN  o.e.m.c.i.embedder.EclipseLogger - Using platform encoding (Cp1252 actually) to copy filtered resources, i.e. build is platform dependent!
2017-02-28 15:01:08,149 [Worker-157] WARN  o.e.m.c.i.embedder.EclipseLogger - Using platform encoding (Cp1252 actually) to copy filtered resources, i.e. build is platform dependent!
2017-02-28 15:01:08,150 [Worker-157] INFO  o.e.m.c.i.embedder.EclipseLogger - Copying 0 resource
2017-02-28 15:01:08,151 [Worker-157] WARN  o.e.m.c.i.embedder.EclipseLogger - Using platform encoding (Cp1252 actually) to copy filtered resources, i.e. build is platform dependent!
2017-02-28 15:01:08,151 [Worker-157] INFO  o.e.m.c.i.embedder.EclipseLogger - Copying 0 resource
2017-02-28 17:21:20,439 [Worker-3] INFO  o.e.m.c.i.l.LifecycleMappingFactory - Using org.maven.ide.eclipse.wtp.WarLifecycleMapping lifecycle mapping for MavenProject: spitter:spittr:0.0.1-SNAPSHOT @ D:\SpringNAction\spittr\pom.xml.
2017-02-28 17:21:22,617 [Worker-3] WARN  o.e.m.c.i.embedder.EclipseLogger - Using platform encoding (Cp1252 actually) to copy filtered resources, i.e. build is platform dependent!
2017-02-28 17:21:22,623 [Worker-3] INFO  o.e.m.c.i.embedder.EclipseLogger - Copying 0 resource
2017-02-28 17:21:22,625 [Worker-3] WARN  o.e.m.c.i.embedder.EclipseLogger - Using platform encoding (Cp1252 actually) to copy filtered resources, i.e. build is platform dependent!
2017-02-28 17:21:22,626 [Worker-3] INFO  o.e.m.c.i.embedder.EclipseLogger - Copying 0 resource
2017-02-28 17:21:25,423 [Worker-3] INFO  o.e.m.c.i.l.LifecycleMappingFactory - Using org.maven.ide.eclipse.wtp.WarLifecycleMapping lifecycle mapping for MavenProject: spitter:spittr:0.0.1-SNAPSHOT @ D:\SpringNAction\spittr\pom.xml.
2017-02-28 17:21:29,236 [Worker-1] WARN  o.e.m.c.i.embedder.EclipseLogger - Using platform encoding (Cp1252 actually) to copy filtered resources, i.e. build is platform dependent!
2017-02-28 17:21:29,238 [Worker-1] INFO  o.e.m.c.i.embedder.EclipseLogger - Copying 0 resource
2017-02-28 17:21:29,240 [Worker-1] WARN  o.e.m.c.i.embedder.EclipseLogger - Using platform encoding (Cp1252 actually) to copy filtered resources, i.e. build is platform dependent!
2017-02-28 17:21:29,241 [Worker-1] INFO  o.e.m.c.i.embedder.EclipseLogger - Copying 0 resource
